<?xml version="1.0" encoding="UTF-8"?>
<!-- Generated by org.testng.reporters.JUnitXMLReporter -->
<testsuite hostname="HEMANTHRK-PC" name="Default test" tests="47" failures="0" timestamp="14 Sep 2019 05:35:24 GMT" time="26.023" errors="0">
  <testcase name="Registration" time="0.008" classname="testCase.autoWeb"/>
  <testcase name="Registration" time="2.797" classname="testCase.autoWeb"/>
  <testcase name="Registration" time="6.434" classname="testCase.autoWeb"/>
  <testcase name="Registration" time="0.274" classname="testCase.autoWeb"/>
  <testcase name="Registration" time="0.193" classname="testCase.autoWeb"/>
  <testcase name="Registration" time="0.118" classname="testCase.autoWeb"/>
  <testcase name="Registration" time="0.299" classname="testCase.autoWeb"/>
  <testcase name="Registration" time="0.205" classname="testCase.autoWeb"/>
  <testcase name="Registration" time="0.098" classname="testCase.autoWeb"/>
  <testcase name="Registration" time="0.109" classname="testCase.autoWeb"/>
  <testcase name="Registration" time="0.097" classname="testCase.autoWeb"/>
  <testcase name="Registration" time="0.097" classname="testCase.autoWeb"/>
  <testcase name="Registration" time="0.103" classname="testCase.autoWeb"/>
  <testcase name="Registration" time="0.152" classname="testCase.autoWeb"/>
  <testcase name="Registration" time="0.174" classname="testCase.autoWeb"/>
  <testcase name="Registration" time="0.146" classname="testCase.autoWeb"/>
  <testcase name="Registration" time="0.089" classname="testCase.autoWeb"/>
  <testcase name="Registration" time="0.147" classname="testCase.autoWeb"/>
  <testcase name="Registration" time="0.101" classname="testCase.autoWeb"/>
  <testcase name="Registration" time="0.164" classname="testCase.autoWeb"/>
  <testcase name="Registration" time="0.227" classname="testCase.autoWeb"/>
  <testcase name="Registration" time="0.162" classname="testCase.autoWeb"/>
  <testcase name="Registration" time="0.311" classname="testCase.autoWeb"/>
  <testcase name="Registration" time="0.226" classname="testCase.autoWeb"/>
  <testcase name="Registration" time="0.357" classname="testCase.autoWeb"/>
  <testcase name="Registration" time="1.967" classname="testCase.autoWeb"/>
  <testcase name="Registration" time="0.189" classname="testCase.autoWeb"/>
  <testcase name="Registration" time="0.167" classname="testCase.autoWeb"/>
  <testcase name="Registration" time="0.116" classname="testCase.autoWeb"/>
  <testcase name="Registration" time="0.309" classname="testCase.autoWeb"/>
  <testcase name="Registration" time="0.236" classname="testCase.autoWeb"/>
  <testcase name="Registration" time="0.132" classname="testCase.autoWeb"/>
  <testcase name="Registration" time="0.102" classname="testCase.autoWeb"/>
  <testcase name="Registration" time="0.099" classname="testCase.autoWeb"/>
  <testcase name="Registration" time="0.116" classname="testCase.autoWeb"/>
  <testcase name="Registration" time="0.101" classname="testCase.autoWeb"/>
  <testcase name="Registration" time="0.134" classname="testCase.autoWeb"/>
  <testcase name="Registration" time="0.164" classname="testCase.autoWeb"/>
  <testcase name="Registration" time="0.138" classname="testCase.autoWeb"/>
  <testcase name="Registration" time="0.085" classname="testCase.autoWeb"/>
  <testcase name="Registration" time="0.127" classname="testCase.autoWeb"/>
  <testcase name="Registration" time="0.065" classname="testCase.autoWeb"/>
  <testcase name="Registration" time="0.146" classname="testCase.autoWeb"/>
  <testcase name="Registration" time="0.132" classname="testCase.autoWeb"/>
  <testcase name="Registration" time="0.136" classname="testCase.autoWeb"/>
  <testcase name="Registration" time="0.176" classname="testCase.autoWeb"/>
  <testcase name="Registration" time="0.221" classname="testCase.autoWeb"/>
</testsuite> <!-- Default test -->
